2025-07-15 13:18:41 [main] INFO  com.feedback.feedback_analytics.FeedbackAnalyticsApplication - Starting FeedbackAnalyticsApplication using Java 17.0.4.1 with PID 11784 (D:\sunny\sts_project\feedback-analytics\target\classes started by Vikas Kumar in D:\sunny\sts_project\feedback-analytics)
2025-07-15 13:18:41 [main] INFO  com.feedback.feedback_analytics.FeedbackAnalyticsApplication - No active profile set, falling back to 1 default profile: "default"
2025-07-15 13:18:43 [main] INFO  org.springframework.data.repository.config.RepositoryConfigurationDelegate - Bootstrapping Spring Data JPA repositories in DEFAULT mode.
2025-07-15 13:18:43 [main] INFO  org.springframework.data.repository.config.RepositoryConfigurationDelegate - Finished Spring Data repository scanning in 50 ms. Found 3 JPA repository interfaces.
2025-07-15 13:18:43 [main] INFO  org.springframework.boot.web.embedded.tomcat.TomcatWebServer - Tomcat initialized with port 8080 (http)
2025-07-15 13:18:43 [main] INFO  org.apache.coyote.http11.Http11NioProtocol - Initializing ProtocolHandler ["http-nio-8080"]
2025-07-15 13:18:43 [main] INFO  org.apache.catalina.core.StandardService - Starting service [Tomcat]
2025-07-15 13:18:43 [main] INFO  org.apache.catalina.core.StandardEngine - Starting Servlet engine: [Apache Tomcat/10.1.42]
2025-07-15 13:18:43 [main] INFO  org.apache.catalina.core.ContainerBase.[Tomcat].[localhost].[/] - Initializing Spring embedded WebApplicationContext
2025-07-15 13:18:43 [main] INFO  org.springframework.boot.web.servlet.context.ServletWebServerApplicationContext - Root WebApplicationContext: initialization completed in 1894 ms
2025-07-15 13:18:44 [main] INFO  org.hibernate.jpa.internal.util.LogHelper - HHH000204: Processing PersistenceUnitInfo [name: default]
2025-07-15 13:18:44 [main] INFO  org.hibernate.Version - HHH000412: Hibernate ORM core version 6.6.18.Final
2025-07-15 13:18:44 [main] INFO  org.hibernate.cache.internal.RegionFactoryInitiator - HHH000026: Second-level cache disabled
2025-07-15 13:18:44 [main] INFO  org.springframework.orm.jpa.persistenceunit.SpringPersistenceUnitInfo - No LoadTimeWeaver setup: ignoring JPA class transformer
2025-07-15 13:18:44 [main] INFO  com.zaxxer.hikari.HikariDataSource - HikariPool-1 - Starting...
2025-07-15 13:18:45 [main] INFO  com.zaxxer.hikari.pool.HikariPool - HikariPool-1 - Added connection org.postgresql.jdbc.PgConnection@4b50c21
2025-07-15 13:18:45 [main] INFO  com.zaxxer.hikari.HikariDataSource - HikariPool-1 - Start completed.
2025-07-15 13:18:45 [main] INFO  org.hibernate.orm.connections.pooling - HHH10001005: Database info:
	Database JDBC URL [Connecting through datasource 'HikariDataSource (HikariPool-1)']
	Database driver: undefined/unknown
	Database version: 12.8
	Autocommit mode: undefined/unknown
	Isolation level: undefined/unknown
	Minimum pool size: undefined/unknown
	Maximum pool size: undefined/unknown
2025-07-15 13:18:46 [main] INFO  org.hibernate.engine.transaction.jta.platform.internal.JtaPlatformInitiator - HHH000489: No JTA platform available (set 'hibernate.transaction.jta.platform' to enable JTA platform integration)
2025-07-15 13:18:47 [main] INFO  org.springframework.orm.jpa.LocalContainerEntityManagerFactoryBean - Initialized JPA EntityManagerFactory for persistence unit 'default'
2025-07-15 13:18:48 [main] WARN  org.springframework.boot.autoconfigure.orm.jpa.JpaBaseConfiguration$JpaWebConfiguration - spring.jpa.open-in-view is enabled by default. Therefore, database queries may be performed during view rendering. Explicitly configure spring.jpa.open-in-view to disable this warning
2025-07-15 13:18:48 [main] INFO  org.apache.coyote.http11.Http11NioProtocol - Starting ProtocolHandler ["http-nio-8080"]
2025-07-15 13:18:49 [main] INFO  org.springframework.boot.web.embedded.tomcat.TomcatWebServer - Tomcat started on port 8080 (http) with context path '/'
2025-07-15 13:18:49 [main] INFO  org.apache.kafka.clients.consumer.ConsumerConfig - ConsumerConfig values: 
	allow.auto.create.topics = true
	auto.commit.interval.ms = 5000
	auto.include.jmx.reporter = true
	auto.offset.reset = earliest
	bootstrap.servers = [localhost:9092]
	check.crcs = true
	client.dns.lookup = use_all_dns_ips
	client.id = consumer-feedback-group-1
	client.rack = 
	connections.max.idle.ms = 540000
	default.api.timeout.ms = 60000
	enable.auto.commit = false
	enable.metrics.push = true
	exclude.internal.topics = true
	fetch.max.bytes = 52428800
	fetch.max.wait.ms = 500
	fetch.min.bytes = 1
	group.id = feedback-group
	group.instance.id = null
	group.protocol = classic
	group.remote.assignor = null
	heartbeat.interval.ms = 3000
	interceptor.classes = []
	internal.leave.group.on.close = true
	internal.throw.on.fetch.stable.offset.unsupported = false
	isolation.level = read_uncommitted
	key.deserializer = class org.apache.kafka.common.serialization.StringDeserializer
	max.partition.fetch.bytes = 1048576
	max.poll.interval.ms = 300000
	max.poll.records = 500
	metadata.max.age.ms = 300000
	metadata.recovery.strategy = none
	metric.reporters = []
	metrics.num.samples = 2
	metrics.recording.level = INFO
	metrics.sample.window.ms = 30000
	partition.assignment.strategy = [class org.apache.kafka.clients.consumer.RangeAssignor, class org.apache.kafka.clients.consumer.CooperativeStickyAssignor]
	receive.buffer.bytes = 65536
	reconnect.backoff.max.ms = 1000
	reconnect.backoff.ms = 50
	request.timeout.ms = 30000
	retry.backoff.max.ms = 1000
	retry.backoff.ms = 100
	sasl.client.callback.handler.class = null
	sasl.jaas.config = null
	sasl.kerberos.kinit.cmd = /usr/bin/kinit
	sasl.kerberos.min.time.before.relogin = 60000
	sasl.kerberos.service.name = null
	sasl.kerberos.ticket.renew.jitter = 0.05
	sasl.kerberos.ticket.renew.window.factor = 0.8
	sasl.login.callback.handler.class = null
	sasl.login.class = null
	sasl.login.connect.timeout.ms = null
	sasl.login.read.timeout.ms = null
	sasl.login.refresh.buffer.seconds = 300
	sasl.login.refresh.min.period.seconds = 60
	sasl.login.refresh.window.factor = 0.8
	sasl.login.refresh.window.jitter = 0.05
	sasl.login.retry.backoff.max.ms = 10000
	sasl.login.retry.backoff.ms = 100
	sasl.mechanism = GSSAPI
	sasl.oauthbearer.clock.skew.seconds = 30
	sasl.oauthbearer.expected.audience = null
	sasl.oauthbearer.expected.issuer = null
	sasl.oauthbearer.header.urlencode = false
	sasl.oauthbearer.jwks.endpoint.refresh.ms = 3600000
	sasl.oauthbearer.jwks.endpoint.retry.backoff.max.ms = 10000
	sasl.oauthbearer.jwks.endpoint.retry.backoff.ms = 100
	sasl.oauthbearer.jwks.endpoint.url = null
	sasl.oauthbearer.scope.claim.name = scope
	sasl.oauthbearer.sub.claim.name = sub
	sasl.oauthbearer.token.endpoint.url = null
	security.protocol = PLAINTEXT
	security.providers = null
	send.buffer.bytes = 131072
	session.timeout.ms = 45000
	socket.connection.setup.timeout.max.ms = 30000
	socket.connection.setup.timeout.ms = 10000
	ssl.cipher.suites = null
	ssl.enabled.protocols = [TLSv1.2, TLSv1.3]
	ssl.endpoint.identification.algorithm = https
	ssl.engine.factory.class = null
	ssl.key.password = null
	ssl.keymanager.algorithm = SunX509
	ssl.keystore.certificate.chain = null
	ssl.keystore.key = null
	ssl.keystore.location = null
	ssl.keystore.password = null
	ssl.keystore.type = JKS
	ssl.protocol = TLSv1.3
	ssl.provider = null
	ssl.secure.random.implementation = null
	ssl.trustmanager.algorithm = PKIX
	ssl.truststore.certificates = null
	ssl.truststore.location = null
	ssl.truststore.password = null
	ssl.truststore.type = JKS
	value.deserializer = class org.apache.kafka.common.serialization.StringDeserializer

2025-07-15 13:18:49 [main] INFO  org.apache.kafka.common.telemetry.internals.KafkaMetricsCollector - initializing Kafka metrics collector
2025-07-15 13:18:49 [main] INFO  org.apache.kafka.common.utils.AppInfoParser - Kafka version: 3.9.1
2025-07-15 13:18:49 [main] INFO  org.apache.kafka.common.utils.AppInfoParser - Kafka commitId: f745dfdcee2b9851
2025-07-15 13:18:49 [main] INFO  org.apache.kafka.common.utils.AppInfoParser - Kafka startTimeMs: 1752565729379
2025-07-15 13:18:49 [main] INFO  org.apache.kafka.clients.consumer.internals.ClassicKafkaConsumer - [Consumer clientId=consumer-feedback-group-1, groupId=feedback-group] Subscribed to topic(s): feedback-topic
2025-07-15 13:18:49 [main] INFO  org.apache.kafka.clients.consumer.ConsumerConfig - ConsumerConfig values: 
	allow.auto.create.topics = true
	auto.commit.interval.ms = 5000
	auto.include.jmx.reporter = true
	auto.offset.reset = earliest
	bootstrap.servers = [localhost:9092]
	check.crcs = true
	client.dns.lookup = use_all_dns_ips
	client.id = consumer-test-group-2
	client.rack = 
	connections.max.idle.ms = 540000
	default.api.timeout.ms = 60000
	enable.auto.commit = false
	enable.metrics.push = true
	exclude.internal.topics = true
	fetch.max.bytes = 52428800
	fetch.max.wait.ms = 500
	fetch.min.bytes = 1
	group.id = test-group
	group.instance.id = null
	group.protocol = classic
	group.remote.assignor = null
	heartbeat.interval.ms = 3000
	interceptor.classes = []
	internal.leave.group.on.close = true
	internal.throw.on.fetch.stable.offset.unsupported = false
	isolation.level = read_uncommitted
	key.deserializer = class org.apache.kafka.common.serialization.StringDeserializer
	max.partition.fetch.bytes = 1048576
	max.poll.interval.ms = 300000
	max.poll.records = 500
	metadata.max.age.ms = 300000
	metadata.recovery.strategy = none
	metric.reporters = []
	metrics.num.samples = 2
	metrics.recording.level = INFO
	metrics.sample.window.ms = 30000
	partition.assignment.strategy = [class org.apache.kafka.clients.consumer.RangeAssignor, class org.apache.kafka.clients.consumer.CooperativeStickyAssignor]
	receive.buffer.bytes = 65536
	reconnect.backoff.max.ms = 1000
	reconnect.backoff.ms = 50
	request.timeout.ms = 30000
	retry.backoff.max.ms = 1000
	retry.backoff.ms = 100
	sasl.client.callback.handler.class = null
	sasl.jaas.config = null
	sasl.kerberos.kinit.cmd = /usr/bin/kinit
	sasl.kerberos.min.time.before.relogin = 60000
	sasl.kerberos.service.name = null
	sasl.kerberos.ticket.renew.jitter = 0.05
	sasl.kerberos.ticket.renew.window.factor = 0.8
	sasl.login.callback.handler.class = null
	sasl.login.class = null
	sasl.login.connect.timeout.ms = null
	sasl.login.read.timeout.ms = null
	sasl.login.refresh.buffer.seconds = 300
	sasl.login.refresh.min.period.seconds = 60
	sasl.login.refresh.window.factor = 0.8
	sasl.login.refresh.window.jitter = 0.05
	sasl.login.retry.backoff.max.ms = 10000
	sasl.login.retry.backoff.ms = 100
	sasl.mechanism = GSSAPI
	sasl.oauthbearer.clock.skew.seconds = 30
	sasl.oauthbearer.expected.audience = null
	sasl.oauthbearer.expected.issuer = null
	sasl.oauthbearer.header.urlencode = false
	sasl.oauthbearer.jwks.endpoint.refresh.ms = 3600000
	sasl.oauthbearer.jwks.endpoint.retry.backoff.max.ms = 10000
	sasl.oauthbearer.jwks.endpoint.retry.backoff.ms = 100
	sasl.oauthbearer.jwks.endpoint.url = null
	sasl.oauthbearer.scope.claim.name = scope
	sasl.oauthbearer.sub.claim.name = sub
	sasl.oauthbearer.token.endpoint.url = null
	security.protocol = PLAINTEXT
	security.providers = null
	send.buffer.bytes = 131072
	session.timeout.ms = 45000
	socket.connection.setup.timeout.max.ms = 30000
	socket.connection.setup.timeout.ms = 10000
	ssl.cipher.suites = null
	ssl.enabled.protocols = [TLSv1.2, TLSv1.3]
	ssl.endpoint.identification.algorithm = https
	ssl.engine.factory.class = null
	ssl.key.password = null
	ssl.keymanager.algorithm = SunX509
	ssl.keystore.certificate.chain = null
	ssl.keystore.key = null
	ssl.keystore.location = null
	ssl.keystore.password = null
	ssl.keystore.type = JKS
	ssl.protocol = TLSv1.3
	ssl.provider = null
	ssl.secure.random.implementation = null
	ssl.trustmanager.algorithm = PKIX
	ssl.truststore.certificates = null
	ssl.truststore.location = null
	ssl.truststore.password = null
	ssl.truststore.type = JKS
	value.deserializer = class org.apache.kafka.common.serialization.StringDeserializer

2025-07-15 13:18:49 [main] INFO  org.apache.kafka.common.telemetry.internals.KafkaMetricsCollector - initializing Kafka metrics collector
2025-07-15 13:18:49 [main] INFO  org.apache.kafka.common.utils.AppInfoParser - Kafka version: 3.9.1
2025-07-15 13:18:49 [main] INFO  org.apache.kafka.common.utils.AppInfoParser - Kafka commitId: f745dfdcee2b9851
2025-07-15 13:18:49 [main] INFO  org.apache.kafka.common.utils.AppInfoParser - Kafka startTimeMs: 1752565729431
2025-07-15 13:18:49 [main] INFO  org.apache.kafka.clients.consumer.internals.ClassicKafkaConsumer - [Consumer clientId=consumer-test-group-2, groupId=test-group] Subscribed to topic(s): test-topic
2025-07-15 13:18:49 [main] INFO  com.feedback.feedback_analytics.FeedbackAnalyticsApplication - Started FeedbackAnalyticsApplication in 8.401 seconds (process running for 9.988)
2025-07-15 13:18:49 [org.springframework.kafka.KafkaListenerEndpointContainer#0-0-C-1] INFO  org.apache.kafka.clients.NetworkClient - [Consumer clientId=consumer-feedback-group-1, groupId=feedback-group] Node -1 disconnected.
2025-07-15 13:18:49 [org.springframework.kafka.KafkaListenerEndpointContainer#1-0-C-1] INFO  org.apache.kafka.clients.NetworkClient - [Consumer clientId=consumer-test-group-2, groupId=test-group] Node -1 disconnected.
2025-07-15 13:18:49 [org.springframework.kafka.KafkaListenerEndpointContainer#1-0-C-1] WARN  org.apache.kafka.clients.NetworkClient - [Consumer clientId=consumer-test-group-2, groupId=test-group] Connection to node -1 (localhost/127.0.0.1:9092) could not be established. Node may not be available.
2025-07-15 13:18:49 [org.springframework.kafka.KafkaListenerEndpointContainer#0-0-C-1] WARN  org.apache.kafka.clients.NetworkClient - [Consumer clientId=consumer-feedback-group-1, groupId=feedback-group] Connection to node -1 (localhost/127.0.0.1:9092) could not be established. Node may not be available.
2025-07-15 13:18:49 [org.springframework.kafka.KafkaListenerEndpointContainer#1-0-C-1] WARN  org.apache.kafka.clients.NetworkClient - [Consumer clientId=consumer-test-group-2, groupId=test-group] Bootstrap broker localhost:9092 (id: -1 rack: null) disconnected
2025-07-15 13:18:49 [org.springframework.kafka.KafkaListenerEndpointContainer#0-0-C-1] WARN  org.apache.kafka.clients.NetworkClient - [Consumer clientId=consumer-feedback-group-1, groupId=feedback-group] Bootstrap broker localhost:9092 (id: -1 rack: null) disconnected
2025-07-15 13:18:50 [org.springframework.kafka.KafkaListenerEndpointContainer#1-0-C-1] INFO  org.apache.kafka.clients.NetworkClient - [Consumer clientId=consumer-test-group-2, groupId=test-group] Node -1 disconnected.
2025-07-15 13:18:50 [org.springframework.kafka.KafkaListenerEndpointContainer#1-0-C-1] WARN  org.apache.kafka.clients.NetworkClient - [Consumer clientId=consumer-test-group-2, groupId=test-group] Connection to node -1 (localhost/127.0.0.1:9092) could not be established. Node may not be available.
2025-07-15 13:18:50 [org.springframework.kafka.KafkaListenerEndpointContainer#1-0-C-1] WARN  org.apache.kafka.clients.NetworkClient - [Consumer clientId=consumer-test-group-2, groupId=test-group] Bootstrap broker localhost:9092 (id: -1 rack: null) disconnected
2025-07-15 13:18:50 [org.springframework.kafka.KafkaListenerEndpointContainer#0-0-C-1] INFO  org.apache.kafka.clients.NetworkClient - [Consumer clientId=consumer-feedback-group-1, groupId=feedback-group] Node -1 disconnected.
2025-07-15 13:18:50 [org.springframework.kafka.KafkaListenerEndpointContainer#0-0-C-1] WARN  org.apache.kafka.clients.NetworkClient - [Consumer clientId=consumer-feedback-group-1, groupId=feedback-group] Connection to node -1 (localhost/127.0.0.1:9092) could not be established. Node may not be available.
2025-07-15 13:18:50 [org.springframework.kafka.KafkaListenerEndpointContainer#0-0-C-1] WARN  org.apache.kafka.clients.NetworkClient - [Consumer clientId=consumer-feedback-group-1, groupId=feedback-group] Bootstrap broker localhost:9092 (id: -1 rack: null) disconnected
2025-07-15 13:18:50 [org.springframework.kafka.KafkaListenerEndpointContainer#0-0-C-1] INFO  org.apache.kafka.clients.NetworkClient - [Consumer clientId=consumer-feedback-group-1, groupId=feedback-group] Node -1 disconnected.
2025-07-15 13:18:50 [org.springframework.kafka.KafkaListenerEndpointContainer#0-0-C-1] WARN  org.apache.kafka.clients.NetworkClient - [Consumer clientId=consumer-feedback-group-1, groupId=feedback-group] Connection to node -1 (localhost/127.0.0.1:9092) could not be established. Node may not be available.
2025-07-15 13:18:50 [org.springframework.kafka.KafkaListenerEndpointContainer#0-0-C-1] WARN  org.apache.kafka.clients.NetworkClient - [Consumer clientId=consumer-feedback-group-1, groupId=feedback-group] Bootstrap broker localhost:9092 (id: -1 rack: null) disconnected
2025-07-15 13:18:50 [org.springframework.kafka.KafkaListenerEndpointContainer#1-0-C-1] INFO  org.apache.kafka.clients.NetworkClient - [Consumer clientId=consumer-test-group-2, groupId=test-group] Node -1 disconnected.
2025-07-15 13:18:50 [org.springframework.kafka.KafkaListenerEndpointContainer#1-0-C-1] WARN  org.apache.kafka.clients.NetworkClient - [Consumer clientId=consumer-test-group-2, groupId=test-group] Connection to node -1 (localhost/127.0.0.1:9092) could not be established. Node may not be available.
2025-07-15 13:18:50 [org.springframework.kafka.KafkaListenerEndpointContainer#1-0-C-1] WARN  org.apache.kafka.clients.NetworkClient - [Consumer clientId=consumer-test-group-2, groupId=test-group] Bootstrap broker localhost:9092 (id: -1 rack: null) disconnected
2025-07-15 13:18:50 [org.springframework.kafka.KafkaListenerEndpointContainer#0-0-C-1] INFO  org.apache.kafka.clients.NetworkClient - [Consumer clientId=consumer-feedback-group-1, groupId=feedback-group] Node -1 disconnected.
2025-07-15 13:18:50 [org.springframework.kafka.KafkaListenerEndpointContainer#0-0-C-1] WARN  org.apache.kafka.clients.NetworkClient - [Consumer clientId=consumer-feedback-group-1, groupId=feedback-group] Connection to node -1 (localhost/127.0.0.1:9092) could not be established. Node may not be available.
2025-07-15 13:18:50 [org.springframework.kafka.KafkaListenerEndpointContainer#0-0-C-1] WARN  org.apache.kafka.clients.NetworkClient - [Consumer clientId=consumer-feedback-group-1, groupId=feedback-group] Bootstrap broker localhost:9092 (id: -1 rack: null) disconnected
2025-07-15 13:18:50 [org.springframework.kafka.KafkaListenerEndpointContainer#1-0-C-1] INFO  org.apache.kafka.clients.NetworkClient - [Consumer clientId=consumer-test-group-2, groupId=test-group] Node -1 disconnected.
2025-07-15 13:18:50 [org.springframework.kafka.KafkaListenerEndpointContainer#1-0-C-1] WARN  org.apache.kafka.clients.NetworkClient - [Consumer clientId=consumer-test-group-2, groupId=test-group] Connection to node -1 (localhost/127.0.0.1:9092) could not be established. Node may not be available.
2025-07-15 13:18:50 [org.springframework.kafka.KafkaListenerEndpointContainer#1-0-C-1] WARN  org.apache.kafka.clients.NetworkClient - [Consumer clientId=consumer-test-group-2, groupId=test-group] Bootstrap broker localhost:9092 (id: -1 rack: null) disconnected
2025-07-15 13:18:50 [org.springframework.kafka.KafkaListenerEndpointContainer#0-0-C-1] INFO  org.apache.kafka.clients.NetworkClient - [Consumer clientId=consumer-feedback-group-1, groupId=feedback-group] Node -1 disconnected.
2025-07-15 13:18:50 [org.springframework.kafka.KafkaListenerEndpointContainer#1-0-C-1] INFO  org.apache.kafka.clients.NetworkClient - [Consumer clientId=consumer-test-group-2, groupId=test-group] Node -1 disconnected.
2025-07-15 13:18:50 [org.springframework.kafka.KafkaListenerEndpointContainer#1-0-C-1] WARN  org.apache.kafka.clients.NetworkClient - [Consumer clientId=consumer-test-group-2, groupId=test-group] Connection to node -1 (localhost/127.0.0.1:9092) could not be established. Node may not be available.
2025-07-15 13:18:50 [org.springframework.kafka.KafkaListenerEndpointContainer#0-0-C-1] WARN  org.apache.kafka.clients.NetworkClient - [Consumer clientId=consumer-feedback-group-1, groupId=feedback-group] Connection to node -1 (localhost/127.0.0.1:9092) could not be established. Node may not be available.
2025-07-15 13:18:50 [org.springframework.kafka.KafkaListenerEndpointContainer#1-0-C-1] WARN  org.apache.kafka.clients.NetworkClient - [Consumer clientId=consumer-test-group-2, groupId=test-group] Bootstrap broker localhost:9092 (id: -1 rack: null) disconnected
2025-07-15 13:18:50 [org.springframework.kafka.KafkaListenerEndpointContainer#0-0-C-1] WARN  org.apache.kafka.clients.NetworkClient - [Consumer clientId=consumer-feedback-group-1, groupId=feedback-group] Bootstrap broker localhost:9092 (id: -1 rack: null) disconnected
2025-07-15 13:18:51 [org.springframework.kafka.KafkaListenerEndpointContainer#1-0-C-1] INFO  org.apache.kafka.clients.NetworkClient - [Consumer clientId=consumer-test-group-2, groupId=test-group] Node -1 disconnected.
2025-07-15 13:18:51 [org.springframework.kafka.KafkaListenerEndpointContainer#0-0-C-1] INFO  org.apache.kafka.clients.NetworkClient - [Consumer clientId=consumer-feedback-group-1, groupId=feedback-group] Node -1 disconnected.
2025-07-15 13:18:51 [org.springframework.kafka.KafkaListenerEndpointContainer#0-0-C-1] WARN  org.apache.kafka.clients.NetworkClient - [Consumer clientId=consumer-feedback-group-1, groupId=feedback-group] Connection to node -1 (localhost/127.0.0.1:9092) could not be established. Node may not be available.
2025-07-15 13:18:51 [org.springframework.kafka.KafkaListenerEndpointContainer#1-0-C-1] WARN  org.apache.kafka.clients.NetworkClient - [Consumer clientId=consumer-test-group-2, groupId=test-group] Connection to node -1 (localhost/127.0.0.1:9092) could not be established. Node may not be available.
2025-07-15 13:18:51 [org.springframework.kafka.KafkaListenerEndpointContainer#0-0-C-1] WARN  org.apache.kafka.clients.NetworkClient - [Consumer clientId=consumer-feedback-group-1, groupId=feedback-group] Bootstrap broker localhost:9092 (id: -1 rack: null) disconnected
2025-07-15 13:18:51 [org.springframework.kafka.KafkaListenerEndpointContainer#1-0-C-1] WARN  org.apache.kafka.clients.NetworkClient - [Consumer clientId=consumer-test-group-2, groupId=test-group] Bootstrap broker localhost:9092 (id: -1 rack: null) disconnected
2025-07-15 13:18:52 [org.springframework.kafka.KafkaListenerEndpointContainer#0-0-C-1] INFO  org.apache.kafka.clients.NetworkClient - [Consumer clientId=consumer-feedback-group-1, groupId=feedback-group] Node -1 disconnected.
2025-07-15 13:18:52 [org.springframework.kafka.KafkaListenerEndpointContainer#0-0-C-1] WARN  org.apache.kafka.clients.NetworkClient - [Consumer clientId=consumer-feedback-group-1, groupId=feedback-group] Connection to node -1 (localhost/127.0.0.1:9092) could not be established. Node may not be available.
2025-07-15 13:18:52 [org.springframework.kafka.KafkaListenerEndpointContainer#0-0-C-1] WARN  org.apache.kafka.clients.NetworkClient - [Consumer clientId=consumer-feedback-group-1, groupId=feedback-group] Bootstrap broker localhost:9092 (id: -1 rack: null) disconnected
2025-07-15 13:18:52 [org.springframework.kafka.KafkaListenerEndpointContainer#1-0-C-1] INFO  org.apache.kafka.clients.NetworkClient - [Consumer clientId=consumer-test-group-2, groupId=test-group] Node -1 disconnected.
2025-07-15 13:18:52 [org.springframework.kafka.KafkaListenerEndpointContainer#1-0-C-1] WARN  org.apache.kafka.clients.NetworkClient - [Consumer clientId=consumer-test-group-2, groupId=test-group] Connection to node -1 (localhost/127.0.0.1:9092) could not be established. Node may not be available.
2025-07-15 13:18:52 [org.springframework.kafka.KafkaListenerEndpointContainer#1-0-C-1] WARN  org.apache.kafka.clients.NetworkClient - [Consumer clientId=consumer-test-group-2, groupId=test-group] Bootstrap broker localhost:9092 (id: -1 rack: null) disconnected
2025-07-15 13:18:53 [org.springframework.kafka.KafkaListenerEndpointContainer#0-0-C-1] INFO  org.apache.kafka.clients.NetworkClient - [Consumer clientId=consumer-feedback-group-1, groupId=feedback-group] Node -1 disconnected.
2025-07-15 13:18:53 [org.springframework.kafka.KafkaListenerEndpointContainer#0-0-C-1] WARN  org.apache.kafka.clients.NetworkClient - [Consumer clientId=consumer-feedback-group-1, groupId=feedback-group] Connection to node -1 (localhost/127.0.0.1:9092) could not be established. Node may not be available.
2025-07-15 13:18:53 [org.springframework.kafka.KafkaListenerEndpointContainer#0-0-C-1] WARN  org.apache.kafka.clients.NetworkClient - [Consumer clientId=consumer-feedback-group-1, groupId=feedback-group] Bootstrap broker localhost:9092 (id: -1 rack: null) disconnected
2025-07-15 13:18:53 [org.springframework.kafka.KafkaListenerEndpointContainer#1-0-C-1] INFO  org.apache.kafka.clients.NetworkClient - [Consumer clientId=consumer-test-group-2, groupId=test-group] Node -1 disconnected.
2025-07-15 13:18:53 [org.springframework.kafka.KafkaListenerEndpointContainer#1-0-C-1] WARN  org.apache.kafka.clients.NetworkClient - [Consumer clientId=consumer-test-group-2, groupId=test-group] Connection to node -1 (localhost/127.0.0.1:9092) could not be established. Node may not be available.
2025-07-15 13:18:53 [org.springframework.kafka.KafkaListenerEndpointContainer#1-0-C-1] WARN  org.apache.kafka.clients.NetworkClient - [Consumer clientId=consumer-test-group-2, groupId=test-group] Bootstrap broker localhost:9092 (id: -1 rack: null) disconnected
2025-07-15 13:18:54 [org.springframework.kafka.KafkaListenerEndpointContainer#0-0-C-1] INFO  org.apache.kafka.clients.NetworkClient - [Consumer clientId=consumer-feedback-group-1, groupId=feedback-group] Node -1 disconnected.
2025-07-15 13:18:54 [org.springframework.kafka.KafkaListenerEndpointContainer#0-0-C-1] WARN  org.apache.kafka.clients.NetworkClient - [Consumer clientId=consumer-feedback-group-1, groupId=feedback-group] Connection to node -1 (localhost/127.0.0.1:9092) could not be established. Node may not be available.
2025-07-15 13:18:54 [org.springframework.kafka.KafkaListenerEndpointContainer#0-0-C-1] WARN  org.apache.kafka.clients.NetworkClient - [Consumer clientId=consumer-feedback-group-1, groupId=feedback-group] Bootstrap broker localhost:9092 (id: -1 rack: null) disconnected
2025-07-15 13:18:54 [org.springframework.kafka.KafkaListenerEndpointContainer#1-0-C-1] INFO  org.apache.kafka.clients.NetworkClient - [Consumer clientId=consumer-test-group-2, groupId=test-group] Node -1 disconnected.
2025-07-15 13:18:54 [org.springframework.kafka.KafkaListenerEndpointContainer#1-0-C-1] WARN  org.apache.kafka.clients.NetworkClient - [Consumer clientId=consumer-test-group-2, groupId=test-group] Connection to node -1 (localhost/127.0.0.1:9092) could not be established. Node may not be available.
2025-07-15 13:18:54 [org.springframework.kafka.KafkaListenerEndpointContainer#1-0-C-1] WARN  org.apache.kafka.clients.NetworkClient - [Consumer clientId=consumer-test-group-2, groupId=test-group] Bootstrap broker localhost:9092 (id: -1 rack: null) disconnected
2025-07-15 13:18:55 [org.springframework.kafka.KafkaListenerEndpointContainer#0-0-C-1] INFO  org.apache.kafka.clients.NetworkClient - [Consumer clientId=consumer-feedback-group-1, groupId=feedback-group] Node -1 disconnected.
2025-07-15 13:18:55 [org.springframework.kafka.KafkaListenerEndpointContainer#0-0-C-1] WARN  org.apache.kafka.clients.NetworkClient - [Consumer clientId=consumer-feedback-group-1, groupId=feedback-group] Connection to node -1 (localhost/127.0.0.1:9092) could not be established. Node may not be available.
2025-07-15 13:18:55 [org.springframework.kafka.KafkaListenerEndpointContainer#0-0-C-1] WARN  org.apache.kafka.clients.NetworkClient - [Consumer clientId=consumer-feedback-group-1, groupId=feedback-group] Bootstrap broker localhost:9092 (id: -1 rack: null) disconnected
2025-07-15 13:18:55 [org.springframework.kafka.KafkaListenerEndpointContainer#1-0-C-1] INFO  org.apache.kafka.clients.NetworkClient - [Consumer clientId=consumer-test-group-2, groupId=test-group] Node -1 disconnected.
2025-07-15 13:18:55 [org.springframework.kafka.KafkaListenerEndpointContainer#1-0-C-1] WARN  org.apache.kafka.clients.NetworkClient - [Consumer clientId=consumer-test-group-2, groupId=test-group] Connection to node -1 (localhost/127.0.0.1:9092) could not be established. Node may not be available.
2025-07-15 13:18:55 [org.springframework.kafka.KafkaListenerEndpointContainer#1-0-C-1] WARN  org.apache.kafka.clients.NetworkClient - [Consumer clientId=consumer-test-group-2, groupId=test-group] Bootstrap broker localhost:9092 (id: -1 rack: null) disconnected
2025-07-15 13:18:56 [org.springframework.kafka.KafkaListenerEndpointContainer#0-0-C-1] INFO  org.apache.kafka.clients.NetworkClient - [Consumer clientId=consumer-feedback-group-1, groupId=feedback-group] Node -1 disconnected.
2025-07-15 13:18:56 [org.springframework.kafka.KafkaListenerEndpointContainer#0-0-C-1] WARN  org.apache.kafka.clients.NetworkClient - [Consumer clientId=consumer-feedback-group-1, groupId=feedback-group] Connection to node -1 (localhost/127.0.0.1:9092) could not be established. Node may not be available.
2025-07-15 13:18:56 [org.springframework.kafka.KafkaListenerEndpointContainer#0-0-C-1] WARN  org.apache.kafka.clients.NetworkClient - [Consumer clientId=consumer-feedback-group-1, groupId=feedback-group] Bootstrap broker localhost:9092 (id: -1 rack: null) disconnected
2025-07-15 13:18:56 [org.springframework.kafka.KafkaListenerEndpointContainer#1-0-C-1] INFO  org.apache.kafka.clients.NetworkClient - [Consumer clientId=consumer-test-group-2, groupId=test-group] Node -1 disconnected.
2025-07-15 13:18:56 [org.springframework.kafka.KafkaListenerEndpointContainer#1-0-C-1] WARN  org.apache.kafka.clients.NetworkClient - [Consumer clientId=consumer-test-group-2, groupId=test-group] Connection to node -1 (localhost/127.0.0.1:9092) could not be established. Node may not be available.
2025-07-15 13:18:56 [org.springframework.kafka.KafkaListenerEndpointContainer#1-0-C-1] WARN  org.apache.kafka.clients.NetworkClient - [Consumer clientId=consumer-test-group-2, groupId=test-group] Bootstrap broker localhost:9092 (id: -1 rack: null) disconnected
2025-07-15 13:18:57 [org.springframework.kafka.KafkaListenerEndpointContainer#0-0-C-1] INFO  org.apache.kafka.clients.NetworkClient - [Consumer clientId=consumer-feedback-group-1, groupId=feedback-group] Node -1 disconnected.
2025-07-15 13:18:57 [org.springframework.kafka.KafkaListenerEndpointContainer#0-0-C-1] WARN  org.apache.kafka.clients.NetworkClient - [Consumer clientId=consumer-feedback-group-1, groupId=feedback-group] Connection to node -1 (localhost/127.0.0.1:9092) could not be established. Node may not be available.
2025-07-15 13:18:57 [org.springframework.kafka.KafkaListenerEndpointContainer#0-0-C-1] WARN  org.apache.kafka.clients.NetworkClient - [Consumer clientId=consumer-feedback-group-1, groupId=feedback-group] Bootstrap broker localhost:9092 (id: -1 rack: null) disconnected
2025-07-15 13:18:57 [org.springframework.kafka.KafkaListenerEndpointContainer#1-0-C-1] INFO  org.apache.kafka.clients.NetworkClient - [Consumer clientId=consumer-test-group-2, groupId=test-group] Node -1 disconnected.
2025-07-15 13:18:57 [org.springframework.kafka.KafkaListenerEndpointContainer#1-0-C-1] WARN  org.apache.kafka.clients.NetworkClient - [Consumer clientId=consumer-test-group-2, groupId=test-group] Connection to node -1 (localhost/127.0.0.1:9092) could not be established. Node may not be available.
2025-07-15 13:18:57 [org.springframework.kafka.KafkaListenerEndpointContainer#1-0-C-1] WARN  org.apache.kafka.clients.NetworkClient - [Consumer clientId=consumer-test-group-2, groupId=test-group] Bootstrap broker localhost:9092 (id: -1 rack: null) disconnected
2025-07-15 13:18:58 [org.springframework.kafka.KafkaListenerEndpointContainer#0-0-C-1] INFO  org.apache.kafka.clients.NetworkClient - [Consumer clientId=consumer-feedback-group-1, groupId=feedback-group] Node -1 disconnected.
2025-07-15 13:18:58 [org.springframework.kafka.KafkaListenerEndpointContainer#0-0-C-1] WARN  org.apache.kafka.clients.NetworkClient - [Consumer clientId=consumer-feedback-group-1, groupId=feedback-group] Connection to node -1 (localhost/127.0.0.1:9092) could not be established. Node may not be available.
2025-07-15 13:18:58 [org.springframework.kafka.KafkaListenerEndpointContainer#0-0-C-1] WARN  org.apache.kafka.clients.NetworkClient - [Consumer clientId=consumer-feedback-group-1, groupId=feedback-group] Bootstrap broker localhost:9092 (id: -1 rack: null) disconnected
2025-07-15 13:18:58 [org.springframework.kafka.KafkaListenerEndpointContainer#1-0-C-1] INFO  org.apache.kafka.clients.NetworkClient - [Consumer clientId=consumer-test-group-2, groupId=test-group] Node -1 disconnected.
2025-07-15 13:18:58 [org.springframework.kafka.KafkaListenerEndpointContainer#1-0-C-1] WARN  org.apache.kafka.clients.NetworkClient - [Consumer clientId=consumer-test-group-2, groupId=test-group] Connection to node -1 (localhost/127.0.0.1:9092) could not be established. Node may not be available.
2025-07-15 13:18:58 [org.springframework.kafka.KafkaListenerEndpointContainer#1-0-C-1] WARN  org.apache.kafka.clients.NetworkClient - [Consumer clientId=consumer-test-group-2, groupId=test-group] Bootstrap broker localhost:9092 (id: -1 rack: null) disconnected
2025-07-15 13:18:59 [org.springframework.kafka.KafkaListenerEndpointContainer#0-0-C-1] INFO  org.apache.kafka.clients.NetworkClient - [Consumer clientId=consumer-feedback-group-1, groupId=feedback-group] Node -1 disconnected.
2025-07-15 13:18:59 [org.springframework.kafka.KafkaListenerEndpointContainer#0-0-C-1] WARN  org.apache.kafka.clients.NetworkClient - [Consumer clientId=consumer-feedback-group-1, groupId=feedback-group] Connection to node -1 (localhost/127.0.0.1:9092) could not be established. Node may not be available.
2025-07-15 13:18:59 [org.springframework.kafka.KafkaListenerEndpointContainer#0-0-C-1] WARN  org.apache.kafka.clients.NetworkClient - [Consumer clientId=consumer-feedback-group-1, groupId=feedback-group] Bootstrap broker localhost:9092 (id: -1 rack: null) disconnected
2025-07-15 13:18:59 [org.springframework.kafka.KafkaListenerEndpointContainer#1-0-C-1] INFO  org.apache.kafka.clients.NetworkClient - [Consumer clientId=consumer-test-group-2, groupId=test-group] Node -1 disconnected.
2025-07-15 13:18:59 [org.springframework.kafka.KafkaListenerEndpointContainer#1-0-C-1] WARN  org.apache.kafka.clients.NetworkClient - [Consumer clientId=consumer-test-group-2, groupId=test-group] Connection to node -1 (localhost/127.0.0.1:9092) could not be established. Node may not be available.
2025-07-15 13:18:59 [org.springframework.kafka.KafkaListenerEndpointContainer#1-0-C-1] WARN  org.apache.kafka.clients.NetworkClient - [Consumer clientId=consumer-test-group-2, groupId=test-group] Bootstrap broker localhost:9092 (id: -1 rack: null) disconnected
2025-07-15 13:19:00 [org.springframework.kafka.KafkaListenerEndpointContainer#0-0-C-1] INFO  org.apache.kafka.clients.NetworkClient - [Consumer clientId=consumer-feedback-group-1, groupId=feedback-group] Node -1 disconnected.
2025-07-15 13:19:00 [org.springframework.kafka.KafkaListenerEndpointContainer#0-0-C-1] WARN  org.apache.kafka.clients.NetworkClient - [Consumer clientId=consumer-feedback-group-1, groupId=feedback-group] Connection to node -1 (localhost/127.0.0.1:9092) could not be established. Node may not be available.
2025-07-15 13:19:00 [org.springframework.kafka.KafkaListenerEndpointContainer#0-0-C-1] WARN  org.apache.kafka.clients.NetworkClient - [Consumer clientId=consumer-feedback-group-1, groupId=feedback-group] Bootstrap broker localhost:9092 (id: -1 rack: null) disconnected
2025-07-15 13:19:00 [org.springframework.kafka.KafkaListenerEndpointContainer#1-0-C-1] INFO  org.apache.kafka.clients.NetworkClient - [Consumer clientId=consumer-test-group-2, groupId=test-group] Node -1 disconnected.
2025-07-15 13:19:00 [org.springframework.kafka.KafkaListenerEndpointContainer#1-0-C-1] WARN  org.apache.kafka.clients.NetworkClient - [Consumer clientId=consumer-test-group-2, groupId=test-group] Connection to node -1 (localhost/127.0.0.1:9092) could not be established. Node may not be available.
2025-07-15 13:19:00 [org.springframework.kafka.KafkaListenerEndpointContainer#1-0-C-1] WARN  org.apache.kafka.clients.NetworkClient - [Consumer clientId=consumer-test-group-2, groupId=test-group] Bootstrap broker localhost:9092 (id: -1 rack: null) disconnected
2025-07-15 13:19:01 [org.springframework.kafka.KafkaListenerEndpointContainer#0-0-C-1] INFO  org.apache.kafka.clients.NetworkClient - [Consumer clientId=consumer-feedback-group-1, groupId=feedback-group] Node -1 disconnected.
2025-07-15 13:19:01 [org.springframework.kafka.KafkaListenerEndpointContainer#0-0-C-1] WARN  org.apache.kafka.clients.NetworkClient - [Consumer clientId=consumer-feedback-group-1, groupId=feedback-group] Connection to node -1 (localhost/127.0.0.1:9092) could not be established. Node may not be available.
2025-07-15 13:19:01 [org.springframework.kafka.KafkaListenerEndpointContainer#0-0-C-1] WARN  org.apache.kafka.clients.NetworkClient - [Consumer clientId=consumer-feedback-group-1, groupId=feedback-group] Bootstrap broker localhost:9092 (id: -1 rack: null) disconnected
2025-07-15 13:19:01 [org.springframework.kafka.KafkaListenerEndpointContainer#1-0-C-1] INFO  org.apache.kafka.clients.NetworkClient - [Consumer clientId=consumer-test-group-2, groupId=test-group] Node -1 disconnected.
2025-07-15 13:19:01 [org.springframework.kafka.KafkaListenerEndpointContainer#1-0-C-1] WARN  org.apache.kafka.clients.NetworkClient - [Consumer clientId=consumer-test-group-2, groupId=test-group] Connection to node -1 (localhost/127.0.0.1:9092) could not be established. Node may not be available.
2025-07-15 13:19:01 [org.springframework.kafka.KafkaListenerEndpointContainer#1-0-C-1] WARN  org.apache.kafka.clients.NetworkClient - [Consumer clientId=consumer-test-group-2, groupId=test-group] Bootstrap broker localhost:9092 (id: -1 rack: null) disconnected
2025-07-15 13:19:02 [org.springframework.kafka.KafkaListenerEndpointContainer#0-0-C-1] INFO  org.apache.kafka.clients.NetworkClient - [Consumer clientId=consumer-feedback-group-1, groupId=feedback-group] Node -1 disconnected.
2025-07-15 13:19:02 [org.springframework.kafka.KafkaListenerEndpointContainer#0-0-C-1] WARN  org.apache.kafka.clients.NetworkClient - [Consumer clientId=consumer-feedback-group-1, groupId=feedback-group] Connection to node -1 (localhost/127.0.0.1:9092) could not be established. Node may not be available.
2025-07-15 13:19:02 [org.springframework.kafka.KafkaListenerEndpointContainer#0-0-C-1] WARN  org.apache.kafka.clients.NetworkClient - [Consumer clientId=consumer-feedback-group-1, groupId=feedback-group] Bootstrap broker localhost:9092 (id: -1 rack: null) disconnected
2025-07-15 13:19:02 [org.springframework.kafka.KafkaListenerEndpointContainer#1-0-C-1] INFO  org.apache.kafka.clients.NetworkClient - [Consumer clientId=consumer-test-group-2, groupId=test-group] Node -1 disconnected.
2025-07-15 13:19:02 [org.springframework.kafka.KafkaListenerEndpointContainer#1-0-C-1] WARN  org.apache.kafka.clients.NetworkClient - [Consumer clientId=consumer-test-group-2, groupId=test-group] Connection to node -1 (localhost/127.0.0.1:9092) could not be established. Node may not be available.
2025-07-15 13:19:02 [org.springframework.kafka.KafkaListenerEndpointContainer#1-0-C-1] WARN  org.apache.kafka.clients.NetworkClient - [Consumer clientId=consumer-test-group-2, groupId=test-group] Bootstrap broker localhost:9092 (id: -1 rack: null) disconnected
2025-07-15 13:19:03 [org.springframework.kafka.KafkaListenerEndpointContainer#0-0-C-1] INFO  org.apache.kafka.clients.NetworkClient - [Consumer clientId=consumer-feedback-group-1, groupId=feedback-group] Node -1 disconnected.
2025-07-15 13:19:03 [org.springframework.kafka.KafkaListenerEndpointContainer#0-0-C-1] WARN  org.apache.kafka.clients.NetworkClient - [Consumer clientId=consumer-feedback-group-1, groupId=feedback-group] Connection to node -1 (localhost/127.0.0.1:9092) could not be established. Node may not be available.
2025-07-15 13:19:03 [org.springframework.kafka.KafkaListenerEndpointContainer#0-0-C-1] WARN  org.apache.kafka.clients.NetworkClient - [Consumer clientId=consumer-feedback-group-1, groupId=feedback-group] Bootstrap broker localhost:9092 (id: -1 rack: null) disconnected
2025-07-15 13:19:03 [org.springframework.kafka.KafkaListenerEndpointContainer#1-0-C-1] INFO  org.apache.kafka.clients.NetworkClient - [Consumer clientId=consumer-test-group-2, groupId=test-group] Node -1 disconnected.
2025-07-15 13:19:03 [org.springframework.kafka.KafkaListenerEndpointContainer#1-0-C-1] WARN  org.apache.kafka.clients.NetworkClient - [Consumer clientId=consumer-test-group-2, groupId=test-group] Connection to node -1 (localhost/127.0.0.1:9092) could not be established. Node may not be available.
2025-07-15 13:19:03 [org.springframework.kafka.KafkaListenerEndpointContainer#1-0-C-1] WARN  org.apache.kafka.clients.NetworkClient - [Consumer clientId=consumer-test-group-2, groupId=test-group] Bootstrap broker localhost:9092 (id: -1 rack: null) disconnected
2025-07-15 13:19:04 [RMI TCP Connection(2)-127.0.0.1] INFO  org.springframework.boot.admin.SpringApplicationAdminMXBeanRegistrar$SpringApplicationAdmin - Application shutdown requested.
2025-07-15 13:19:04 [org.springframework.kafka.KafkaListenerEndpointContainer#0-0-C-1] INFO  org.apache.kafka.clients.consumer.internals.ConsumerCoordinator - [Consumer clientId=consumer-feedback-group-1, groupId=feedback-group] Resetting generation and member id due to: consumer pro-actively leaving the group
2025-07-15 13:19:04 [org.springframework.kafka.KafkaListenerEndpointContainer#1-0-C-1] INFO  org.apache.kafka.clients.consumer.internals.ConsumerCoordinator - [Consumer clientId=consumer-test-group-2, groupId=test-group] Resetting generation and member id due to: consumer pro-actively leaving the group
2025-07-15 13:19:04 [org.springframework.kafka.KafkaListenerEndpointContainer#0-0-C-1] INFO  org.apache.kafka.clients.consumer.internals.ConsumerCoordinator - [Consumer clientId=consumer-feedback-group-1, groupId=feedback-group] Request joining group due to: consumer pro-actively leaving the group
2025-07-15 13:19:04 [org.springframework.kafka.KafkaListenerEndpointContainer#1-0-C-1] INFO  org.apache.kafka.clients.consumer.internals.ConsumerCoordinator - [Consumer clientId=consumer-test-group-2, groupId=test-group] Request joining group due to: consumer pro-actively leaving the group
2025-07-15 13:19:04 [org.springframework.kafka.KafkaListenerEndpointContainer#0-0-C-1] INFO  org.apache.kafka.clients.consumer.internals.ClassicKafkaConsumer - [Consumer clientId=consumer-feedback-group-1, groupId=feedback-group] Unsubscribed all topics or patterns and assigned partitions
2025-07-15 13:19:04 [org.springframework.kafka.KafkaListenerEndpointContainer#1-0-C-1] INFO  org.apache.kafka.clients.consumer.internals.ClassicKafkaConsumer - [Consumer clientId=consumer-test-group-2, groupId=test-group] Unsubscribed all topics or patterns and assigned partitions
2025-07-15 13:19:04 [org.springframework.kafka.KafkaListenerEndpointContainer#1-0-C-1] INFO  org.apache.kafka.clients.consumer.internals.ConsumerCoordinator - [Consumer clientId=consumer-test-group-2, groupId=test-group] Resetting generation and member id due to: consumer pro-actively leaving the group
2025-07-15 13:19:04 [org.springframework.kafka.KafkaListenerEndpointContainer#0-0-C-1] INFO  org.apache.kafka.clients.consumer.internals.ConsumerCoordinator - [Consumer clientId=consumer-feedback-group-1, groupId=feedback-group] Resetting generation and member id due to: consumer pro-actively leaving the group
2025-07-15 13:19:04 [org.springframework.kafka.KafkaListenerEndpointContainer#1-0-C-1] INFO  org.apache.kafka.clients.consumer.internals.ConsumerCoordinator - [Consumer clientId=consumer-test-group-2, groupId=test-group] Request joining group due to: consumer pro-actively leaving the group
2025-07-15 13:19:04 [org.springframework.kafka.KafkaListenerEndpointContainer#0-0-C-1] INFO  org.apache.kafka.clients.consumer.internals.ConsumerCoordinator - [Consumer clientId=consumer-feedback-group-1, groupId=feedback-group] Request joining group due to: consumer pro-actively leaving the group
2025-07-15 13:19:04 [org.springframework.kafka.KafkaListenerEndpointContainer#1-0-C-1] INFO  org.apache.kafka.common.metrics.Metrics - Metrics scheduler closed
2025-07-15 13:19:04 [org.springframework.kafka.KafkaListenerEndpointContainer#0-0-C-1] INFO  org.apache.kafka.common.metrics.Metrics - Metrics scheduler closed
2025-07-15 13:19:04 [org.springframework.kafka.KafkaListenerEndpointContainer#1-0-C-1] INFO  org.apache.kafka.common.metrics.Metrics - Closing reporter org.apache.kafka.common.metrics.JmxReporter
2025-07-15 13:19:04 [org.springframework.kafka.KafkaListenerEndpointContainer#0-0-C-1] INFO  org.apache.kafka.common.metrics.Metrics - Closing reporter org.apache.kafka.common.metrics.JmxReporter
2025-07-15 13:19:04 [org.springframework.kafka.KafkaListenerEndpointContainer#1-0-C-1] INFO  org.apache.kafka.common.metrics.Metrics - Closing reporter org.apache.kafka.common.telemetry.internals.ClientTelemetryReporter
2025-07-15 13:19:04 [org.springframework.kafka.KafkaListenerEndpointContainer#0-0-C-1] INFO  org.apache.kafka.common.metrics.Metrics - Closing reporter org.apache.kafka.common.telemetry.internals.ClientTelemetryReporter
2025-07-15 13:19:04 [org.springframework.kafka.KafkaListenerEndpointContainer#1-0-C-1] INFO  org.apache.kafka.common.metrics.Metrics - Metrics reporters closed
2025-07-15 13:19:04 [org.springframework.kafka.KafkaListenerEndpointContainer#0-0-C-1] INFO  org.apache.kafka.common.metrics.Metrics - Metrics reporters closed
2025-07-15 13:19:04 [org.springframework.kafka.KafkaListenerEndpointContainer#0-0-C-1] INFO  org.apache.kafka.common.utils.AppInfoParser - App info kafka.consumer for consumer-feedback-group-1 unregistered
2025-07-15 13:19:04 [org.springframework.kafka.KafkaListenerEndpointContainer#1-0-C-1] INFO  org.apache.kafka.common.utils.AppInfoParser - App info kafka.consumer for consumer-test-group-2 unregistered
2025-07-15 13:19:04 [org.springframework.kafka.KafkaListenerEndpointContainer#0-0-C-1] INFO  org.springframework.kafka.listener.KafkaMessageListenerContainer - feedback-group: Consumer stopped
2025-07-15 13:19:04 [org.springframework.kafka.KafkaListenerEndpointContainer#1-0-C-1] INFO  org.springframework.kafka.listener.KafkaMessageListenerContainer - test-group: Consumer stopped
2025-07-15 13:19:04 [RMI TCP Connection(2)-127.0.0.1] INFO  org.springframework.boot.web.embedded.tomcat.GracefulShutdown - Commencing graceful shutdown. Waiting for active requests to complete
2025-07-15 13:19:04 [tomcat-shutdown] INFO  org.apache.coyote.http11.Http11NioProtocol - Pausing ProtocolHandler ["http-nio-8080"]
2025-07-15 13:19:04 [tomcat-shutdown] INFO  org.springframework.boot.web.embedded.tomcat.GracefulShutdown - Graceful shutdown complete
2025-07-15 13:19:04 [RMI TCP Connection(2)-127.0.0.1] INFO  org.apache.coyote.http11.Http11NioProtocol - Stopping ProtocolHandler ["http-nio-8080"]
2025-07-15 13:19:04 [RMI TCP Connection(2)-127.0.0.1] INFO  org.springframework.orm.jpa.LocalContainerEntityManagerFactoryBean - Closing JPA EntityManagerFactory for persistence unit 'default'
2025-07-15 13:19:04 [RMI TCP Connection(2)-127.0.0.1] INFO  com.zaxxer.hikari.HikariDataSource - HikariPool-1 - Shutdown initiated...
2025-07-15 13:19:04 [RMI TCP Connection(2)-127.0.0.1] INFO  com.zaxxer.hikari.HikariDataSource - HikariPool-1 - Shutdown completed.
